<?xml version="1.0" encoding="UTF-8"?>
<!-- Generated by org.testng.reporters.JUnitReportReporter -->
<testsuite hostname="Yoga7i" failures="0" tests="3" name="getAPI.GetAPITest" time="3.128" errors="0" timestamp="2023-10-21T02:31:47 IST" skipped="0">
  <testcase classname="getAPI.GetAPITest" name="getAllUserWithQueryParameterAPITest" time="0.786"/>
  <testcase classname="getAPI.GetAPITest" name="getAllUserWithHashMapAPITest" time="0.781"/>
  <testcase classname="getAPI.GetAPITest" name="getAllUserAPITest" time="1.561"/>
</testsuite> <!-- getAPI.GetAPITest -->
